<?xml version="1.0" encoding="UTF-8"?>
<!-- Generated by org.testng.reporters.JUnitReportReporter -->
<testsuite hostname="WIN8PRO-64-20" name="Test.TestCase2" tests="1" failures="0" timestamp="23 Sep 2015 15:12:06 GMT" time="0.004" errors="0">
  <testcase name="Case2" time="0.004" classname="Test.TestCase2"/>
</testsuite> <!-- Test.TestCase2 -->
