<?xml version="1.0" encoding="UTF-8"?>
<!-- Generated by org.testng.reporters.JUnitReportReporter -->
<testsuite hostname="WIN8PRO-64-20" name="Test.NewTest" tests="2" failures="0" timestamp="22 Sep 2015 11:56:32 GMT" time="30.543" errors="0">
  <testcase name="register" time="7.264" classname="Test.NewTest"/>
  <testcase name="login" time="23.279" classname="Test.NewTest"/>
</testsuite> <!-- Test.NewTest -->
