<?xml version="1.0" encoding="UTF-8"?>
<!-- Generated by org.testng.reporters.JUnitReportReporter -->
<testsuite hostname="WIN8PRO-64-20" name="Test.TestCase1" tests="1" failures="0" timestamp="23 Sep 2015 15:12:06 GMT" time="0.041" errors="0">
  <testcase name="case1" time="0.041" classname="Test.TestCase1"/>
</testsuite> <!-- Test.TestCase1 -->
